{
  "RSpec": {
    "coverage": {
      "/Users/Ed/Projects/boris-bikes/lib/bike_container.rb": [
        1,
        null,
        1,
        null,
        1,
        208,
        null,
        null,
        1,
        121,
        null,
        null,
        1,
        29,
        null,
        null,
        1,
        108,
        null,
        null,
        1,
        83,
        80,
        null,
        null,
        1,
        9,
        null,
        null,
        1,
        89,
        null,
        null,
        1,
        4,
        null,
        null,
        1,
        3,
        null,
        null,
        1,
        3,
        3,
        null,
        null,
        null,
        null
      ],
      "/Users/Ed/Projects/boris-bikes/lib/bike.rb": [
        1,
        null,
        1,
        3,
        null,
        null,
        1,
        3,
        null,
        null,
        1,
        2,
        null,
        null,
        1,
        4,
        null,
        null,
        null
      ],
      "/Users/Ed/Projects/boris-bikes/lib/docking_station.rb": [
        1,
        null,
        1,
        null,
        1,
        null,
        1,
        9,
        null,
        null,
        null
      ],
      "/Users/Ed/Projects/boris-bikes/lib/garage.rb": [
        1,
        null,
        1,
        null,
        1,
        11,
        null,
        null,
        1,
        1,
        null,
        null,
        null
      ],
      "/Users/Ed/Projects/boris-bikes/lib/van.rb": [
        1,
        null,
        1,
        null,
        1,
        9,
        null,
        null,
        null
      ]
    },
    "timestamp": 1424346559
  }
}
